Determining if the pthread_create exist failed with the following output:
Change Dir: /home/melissachien/new_gps/build/CMakeFiles/CMakeTmp

Run Build Command:"/usr/bin/make" "cmTryCompileExec4259205152/fast"
/usr/bin/make -f CMakeFiles/cmTryCompileExec4259205152.dir/build.make CMakeFiles/cmTryCompileExec4259205152.dir/build
make[1]: Entering directory `/home/melissachien/new_gps/build/CMakeFiles/CMakeTmp'
/usr/bin/cmake -E cmake_progress_report /home/melissachien/new_gps/build/CMakeFiles/CMakeTmp/CMakeFiles 1
Building C object CMakeFiles/cmTryCompileExec4259205152.dir/CheckSymbolExists.c.o
/usr/bin/cc    -o CMakeFiles/cmTryCompileExec4259205152.dir/CheckSymbolExists.c.o   -c /home/melissachien/new_gps/build/CMakeFiles/CMakeTmp/CheckSymbolExists.c
Linking C executable cmTryCompileExec4259205152
/usr/bin/cmake -E cmake_link_script CMakeFiles/cmTryCompileExec4259205152.dir/link.txt --verbose=1
/usr/bin/cc       CMakeFiles/cmTryCompileExec4259205152.dir/CheckSymbolExists.c.o  -o cmTryCompileExec4259205152 -rdynamic 
CMakeFiles/cmTryCompileExec4259205152.dir/CheckSymbolExists.c.o: In function `main':
CheckSymbolExists.c:(.text+0x16): undefined reference to `pthread_create'
collect2: error: ld returned 1 exit status
make[1]: *** [cmTryCompileExec4259205152] Error 1
make[1]: Leaving directory `/home/melissachien/new_gps/build/CMakeFiles/CMakeTmp'
make: *** [cmTryCompileExec4259205152/fast] Error 2

File /home/melissachien/new_gps/build/CMakeFiles/CMakeTmp/CheckSymbolExists.c:
/* */
#include <pthread.h>

int main(int argc, char** argv)
{
  (void)argv;
#ifndef pthread_create
  return ((int*)(&pthread_create))[argc];
#else
  (void)argc;
  return 0;
#endif
}

Determining if the function pthread_create exists in the pthreads failed with the following output:
Change Dir: /home/melissachien/new_gps/build/CMakeFiles/CMakeTmp

Run Build Command:"/usr/bin/make" "cmTryCompileExec142764635/fast"
/usr/bin/make -f CMakeFiles/cmTryCompileExec142764635.dir/build.make CMakeFiles/cmTryCompileExec142764635.dir/build
make[1]: Entering directory `/home/melissachien/new_gps/build/CMakeFiles/CMakeTmp'
/usr/bin/cmake -E cmake_progress_report /home/melissachien/new_gps/build/CMakeFiles/CMakeTmp/CMakeFiles 1
Building C object CMakeFiles/cmTryCompileExec142764635.dir/CheckFunctionExists.c.o
/usr/bin/cc   -DCHECK_FUNCTION_EXISTS=pthread_create   -o CMakeFiles/cmTryCompileExec142764635.dir/CheckFunctionExists.c.o   -c /usr/share/cmake-3.0/Modules/CheckFunctionExists.c
Linking C executable cmTryCompileExec142764635
/usr/bin/cmake -E cmake_link_script CMakeFiles/cmTryCompileExec142764635.dir/link.txt --verbose=1
/usr/bin/cc   -DCHECK_FUNCTION_EXISTS=pthread_create    CMakeFiles/cmTryCompileExec142764635.dir/CheckFunctionExists.c.o  -o cmTryCompileExec142764635 -rdynamic -lpthreads 
/usr/bin/ld: cannot find -lpthreads
collect2: error: ld returned 1 exit status
make[1]: Leaving directory `/home/melissachien/new_gps/build/CMakeFiles/CMakeTmp'
make[1]: *** [cmTryCompileExec142764635] Error 1
make: *** [cmTryCompileExec142764635/fast] Error 2


